reports/io-insert-koin/3-5-6-to-4-2-1/run-26555911106/run-26555911106/phase1/before/shared/build/outputs/logs/manifest-merger-release-report.txt
-- Merging decision tree log ---
manifest
ADDED from ProcessLibraryManifest/release/tempAndroidManifest11052154258778224988.xml:2:13-83
INJECTED from ProcessLibraryManifest/release/tempAndroidManifest11052154258778224988.xml:2:13-83
	package
		INJECTED from ProcessLibraryManifest/release/tempAndroidManifest11052154258778224988.xml
	xmlns:android
		ADDED from ProcessLibraryManifest/release/tempAndroidManifest11052154258778224988.xml:2:23-81
uses-sdk
INJECTED from ProcessLibraryManifest/release/tempAndroidManifest11052154258778224988.xml reason: use-sdk injection requested
INJECTED from ProcessLibraryManifest/release/tempAndroidManifest11052154258778224988.xml
INJECTED from ProcessLibraryManifest/release/tempAndroidManifest11052154258778224988.xml
	android:targetSdkVersion
		INJECTED from ProcessLibraryManifest/release/tempAndroidManifest11052154258778224988.xml
	android:minSdkVersion
		INJECTED from ProcessLibraryManifest/release/tempAndroidManifest11052154258778224988.xml